[     455ms] [INFO] %cDownload the React DevTools for a better development experience: https://react.dev/link/react-devtools font-weight:bold @ http://localhost:3001/_next/static/chunks/node_modules_next_dist_115brz8._.js:2432
[     561ms] [LOG] [HMR] connected @ http://localhost:3001/_next/static/chunks/node_modules_next_dist_115brz8._.js:2432
[     671ms] [LOG] [analytics] PostHog key 없음 — 개발 모드 console.log 폴백 @ http://localhost:3001/_next/static/chunks/node_modules_next_dist_115brz8._.js:2432
[     718ms] [LOG] %c[Vercel Speed Insights]%c Debug mode is enabled by default in development. No requests will be sent to the server. color: rgb(120, 120, 120) color: inherit @ http://localhost:3001/_next/static/chunks/node_modules_next_dist_115brz8._.js:2432
[     720ms] [LOG] %c[Vercel Web Analytics]%c Debug mode is enabled by default in development. No requests will be sent to the server. color: rgb(120, 120, 120) color: inherit @ http://localhost:3001/_next/static/chunks/node_modules_next_dist_115brz8._.js:2432
[     721ms] [LOG] %c[Vercel Web Analytics]%c [view] http://localhost:3001/login color: rgb(120, 120, 120) color: inherit {o: http://localhost:3001/login, sv: 0.1.3, sdkn: @vercel/analytics/react, sdkv: 2.0.1, ts: 1778748818592} /_vercel/insights/view @ http://localhost:3001/_next/static/chunks/node_modules_next_dist_115brz8._.js:2432
[     813ms] [LOG] [Fast Refresh] rebuilding @ http://localhost:3001/_next/static/chunks/node_modules_next_dist_115brz8._.js:2432
[     941ms] [LOG] [Fast Refresh] done in 233ms @ http://localhost:3001/_next/static/chunks/node_modules_next_dist_115brz8._.js:2432
[    5925ms] [LOG] [Fast Refresh] rebuilding @ http://localhost:3001/_next/static/chunks/node_modules_next_dist_115brz8._.js:2432
[    6003ms] [LOG] [Fast Refresh] done in 179ms @ http://localhost:3001/_next/static/chunks/node_modules_next_dist_115brz8._.js:2432
[    6205ms] [LOG] [Fast Refresh] rebuilding @ http://localhost:3001/_next/static/chunks/node_modules_next_dist_115brz8._.js:2432
[    6283ms] [LOG] [Fast Refresh] done in 179ms @ http://localhost:3001/_next/static/chunks/node_modules_next_dist_115brz8._.js:2432
[   11147ms] [LOG] [Fast Refresh] rebuilding @ http://localhost:3001/_next/static/chunks/node_modules_next_dist_115brz8._.js:2432
[   11189ms] [LOG] [Fast Refresh] done in 158ms @ http://localhost:3001/_next/static/chunks/node_modules_next_dist_115brz8._.js:2432
[   21883ms] [LOG] [Fast Refresh] rebuilding @ http://localhost:3001/_next/static/chunks/node_modules_next_dist_115brz8._.js:2432
[   22023ms] [LOG] [Fast Refresh] done in 256ms @ http://localhost:3001/_next/static/chunks/node_modules_next_dist_115brz8._.js:2432
[   22247ms] [LOG] [Fast Refresh] rebuilding @ http://localhost:3001/_next/static/chunks/node_modules_next_dist_115brz8._.js:2432
[   22311ms] [LOG] [Fast Refresh] done in 164ms @ http://localhost:3001/_next/static/chunks/node_modules_next_dist_115brz8._.js:2432
[   52930ms] [LOG] [Fast Refresh] rebuilding @ http://localhost:3001/_next/static/chunks/node_modules_next_dist_115brz8._.js:2432
[   53041ms] [LOG] [Fast Refresh] done in 223ms @ http://localhost:3001/_next/static/chunks/node_modules_next_dist_115brz8._.js:2432
[   58767ms] [LOG] [Fast Refresh] rebuilding @ http://localhost:3001/_next/static/chunks/node_modules_next_dist_115brz8._.js:2432
[   58798ms] [LOG] [Fast Refresh] done in 137ms @ http://localhost:3001/_next/static/chunks/node_modules_next_dist_115brz8._.js:2432
[   58941ms] [LOG] [Fast Refresh] rebuilding @ http://localhost:3001/_next/static/chunks/node_modules_next_dist_115brz8._.js:2432
[   59773ms] [LOG] [Fast Refresh] done in 946ms @ http://localhost:3001/_next/static/chunks/node_modules_next_dist_115brz8._.js:2432
[   63013ms] [LOG] [Fast Refresh] rebuilding @ http://localhost:3001/_next/static/chunks/node_modules_next_dist_115brz8._.js:2432
[   63075ms] [LOG] [Fast Refresh] done in 177ms @ http://localhost:3001/_next/static/chunks/node_modules_next_dist_115brz8._.js:2432
[  126131ms] [LOG] [Fast Refresh] rebuilding @ http://localhost:3001/_next/static/chunks/node_modules_next_dist_115brz8._.js:2432
[  126196ms] [LOG] [Fast Refresh] done in 180ms @ http://localhost:3001/_next/static/chunks/node_modules_next_dist_115brz8._.js:2432
[  131782ms] [LOG] [Fast Refresh] rebuilding @ http://localhost:3001/_next/static/chunks/node_modules_next_dist_115brz8._.js:2432
[  131852ms] [LOG] [Fast Refresh] done in 176ms @ http://localhost:3001/_next/static/chunks/node_modules_next_dist_115brz8._.js:2432
[  132071ms] [LOG] [Fast Refresh] rebuilding @ http://localhost:3001/_next/static/chunks/node_modules_next_dist_115brz8._.js:2432
[  132182ms] [LOG] [Fast Refresh] done in 226ms @ http://localhost:3001/_next/static/chunks/node_modules_next_dist_115brz8._.js:2432
[  137689ms] [LOG] [Fast Refresh] rebuilding @ http://localhost:3001/_next/static/chunks/node_modules_next_dist_115brz8._.js:2432
[  137708ms] [LOG] [Fast Refresh] done in 119ms @ http://localhost:3001/_next/static/chunks/node_modules_next_dist_115brz8._.js:2432
[  142155ms] [LOG] [Fast Refresh] rebuilding @ http://localhost:3001/_next/static/chunks/node_modules_next_dist_115brz8._.js:2432
[  143275ms] [LOG] [Fast Refresh] done in 1227ms @ http://localhost:3001/_next/static/chunks/node_modules_next_dist_115brz8._.js:2432
[  151270ms] [LOG] [Fast Refresh] rebuilding @ http://localhost:3001/_next/static/chunks/node_modules_next_dist_115brz8._.js:2432
[  151476ms] [LOG] [Fast Refresh] done in 319ms @ http://localhost:3001/_next/static/chunks/node_modules_next_dist_115brz8._.js:2432
[  169969ms] [LOG] [Fast Refresh] rebuilding @ http://localhost:3001/_next/static/chunks/node_modules_next_dist_115brz8._.js:2432
[  169988ms] [LOG] [Fast Refresh] done in 125ms @ http://localhost:3001/_next/static/chunks/node_modules_next_dist_115brz8._.js:2432
[  175747ms] [LOG] [Fast Refresh] rebuilding @ http://localhost:3001/_next/static/chunks/node_modules_next_dist_115brz8._.js:2432
[  175811ms] [LOG] [Fast Refresh] done in 179ms @ http://localhost:3001/_next/static/chunks/node_modules_next_dist_115brz8._.js:2432
[  187447ms] [LOG] [Fast Refresh] rebuilding @ http://localhost:3001/_next/static/chunks/node_modules_next_dist_115brz8._.js:2432
[  187528ms] [LOG] [Fast Refresh] done in 195ms @ http://localhost:3001/_next/static/chunks/node_modules_next_dist_115brz8._.js:2432
[  193295ms] [LOG] [Fast Refresh] rebuilding @ http://localhost:3001/_next/static/chunks/node_modules_next_dist_115brz8._.js:2432
[  193406ms] [LOG] [Fast Refresh] done in 222ms @ http://localhost:3001/_next/static/chunks/node_modules_next_dist_115brz8._.js:2432
[  193628ms] [LOG] [Fast Refresh] rebuilding @ http://localhost:3001/_next/static/chunks/node_modules_next_dist_115brz8._.js:2432
[  193739ms] [LOG] [Fast Refresh] done in 212ms @ http://localhost:3001/_next/static/chunks/node_modules_next_dist_115brz8._.js:2432
[  226794ms] [LOG] [Fast Refresh] rebuilding @ http://localhost:3001/_next/static/chunks/node_modules_next_dist_115brz8._.js:2432
[  226814ms] [LOG] [Fast Refresh] done in 132ms @ http://localhost:3001/_next/static/chunks/node_modules_next_dist_115brz8._.js:2432
[  227496ms] [LOG] [Fast Refresh] rebuilding @ http://localhost:3001/_next/static/chunks/node_modules_next_dist_115brz8._.js:2432
[  227590ms] [LOG] [Fast Refresh] done in 210ms @ http://localhost:3001/_next/static/chunks/node_modules_next_dist_115brz8._.js:2432
[  247484ms] [VERBOSE] [DOM] Password field is not contained in a form: (More info: https://goo.gl/9p2vKq) %o @ https://accounts.google.com/v3/signin/identifier?opparams=%253Fredirect_to%253Dhttp%25253A%25252F%25252Flocalhost%25253A3001%25252Fauth%25252Fconfirm&dsh=S-401973310%3A1778749064860272&client_id=552722495653-cq6bh4f5e879nknh7gom6bo4qi1m37pp.apps.googleusercontent.com&o2v=2&redirect_uri=https%3A%2F%2Ffjcbwqadjclajwfpvfil.supabase.co%2Fauth%2Fv1%2Fcallback&response_type=code&scope=email+profile&service=lso&state=5728529d-4cbf-4608-a8dd-3bcfebf5a865&flowName=GeneralOAuthFlow&continue=https%3A%2F%2Faccounts.google.com%2Fsignin%2Foauth%2Fconsent%3Fauthuser%3Dunknown%26part%3DAJi8hAOgwnbOP7aHjS5LsrXlAwobDyya0wPcHDxzmy_gWdJk_5jN7P9bLdQ_ftHtnoH4GVx5wiaRw4cxRfpDY5PW0Ds80gSxdV4jsctQs10yI9Aw4DSyMcEqJJzf4fPLXGYwDSIi2IXmk-dBwlV4RN3xI-8D2rGkt6BollU2qOQ_YspZLQtb7gHpLdb3q4GKPJgqO2azBIS42LzlsI_dGLP09i2hPGeAMVegvDGdps2DUH6DUGgoRIkiOAJ8pfi8La2HDTAvfD7eiQxsn-tMdF7a80LoeOtLwSfO4TrDehc7JI68eGvvS88f_YwzawjyzMH5x_ySF0GSp47gXkVAFdXiQWxVZrkEmCA-Fmoer3ANzHINAtSDkZcA0B_NMHTTCd7bQaXVCx0ujK_-DzVtjHm8qmg-Tmu0nOrGroy999EmHJPVUQAurmAHgrSkC0obczEraOsVjLPAv3nKmM9kTXd0o5XbdOjuZ4JFnMuIwLLYsEEucsxZcfg%26flowName%3DGeneralOAuthFlow%26as%3DS-401973310%253A1778749064860272%26client_id%3D552722495653-cq6bh4f5e879nknh7gom6bo4qi1m37pp.apps.googleusercontent.com%26requestPath%3D%252Fsignin%252Foauth%252Fconsent%23&app_domain=https%3A%2F%2Ffjcbwqadjclajwfpvfil.supabase.co&rart=ANgoxceuy6DAEOzWQ1oWoN9hxesRW78tGkJagrocgePDN0pzR5d0lDZwqL-lc2NZVQpBl0hhqQCRAA9r1VfOjBW4egyaBRwMYPgYmLkfbqkVgql6bf7g5Gw:0
[  247492ms] [LOG] %c%s color: red; background: yellow; font-size: 24px; 경고! @ https://www.gstatic.com/_/mss/boq-identity/_/js/k=boq-identity.AccountsSignInUi.ko.Yw1MrP3GAr0.es5.O/am=iW8AAACEQhQhA4Dz__8DAAggiA74ngVoAoQMAAAAAAAAAABYAAAAjQ/d=1/excm=_b,_tp,identifierview/ed=1/dg=0/wt=2/ujg=1/rs=AOaEmlGPj6W0vITYncWKxleXy6R_OliuZQ/dti=1/m=_b,_tp:545
[  247492ms] [LOG] %c%s font-size: 18px; 이 콘솔을 사용하면 공격자가 Self-XSS라는 공격을 통해 내 신원을 도용하여 내 정보를 빼낼 수 있습니다.
알지 못하는 코드를 입력하거나 붙여넣지 마세요. @ https://www.gstatic.com/_/mss/boq-identity/_/js/k=boq-identity.AccountsSignInUi.ko.Yw1MrP3GAr0.es5.O/am=iW8AAACEQhQhA4Dz__8DAAggiA74ngVoAoQMAAAAAAAAAABYAAAAjQ/d=1/excm=_b,_tp,identifierview/ed=1/dg=0/wt=2/ujg=1/rs=AOaEmlGPj6W0vITYncWKxleXy6R_OliuZQ/dti=1/m=_b,_tp:545
[  255248ms] [WARNING] Blocked aria-hidden on an element because its descendant retained focus. The focus must not be hidden from assistive technology users. Avoid using aria-hidden on a focused element or its ancestor. Consider using the inert attribute instead, which will also prevent focus. For more details, see the aria-hidden section of the WAI-ARIA specification at https://w3c.github.io/aria/#aria-hidden.
Element with focus: <div.sZwd7c B6Vhqe>
Ancestor with aria-hidden: <div.TdwKnf> @ https://accounts.google.com/v3/signin/identifier?opparams=%253Fredirect_to%253Dhttp%25253A%25252F%25252Flocalhost%25253A3001%25252Fauth%25252Fconfirm&dsh=S-401973310%3A1778749064860272&client_id=552722495653-cq6bh4f5e879nknh7gom6bo4qi1m37pp.apps.googleusercontent.com&o2v=2&redirect_uri=https%3A%2F%2Ffjcbwqadjclajwfpvfil.supabase.co%2Fauth%2Fv1%2Fcallback&response_type=code&scope=email+profile&service=lso&state=5728529d-4cbf-4608-a8dd-3bcfebf5a865&flowName=GeneralOAuthFlow&continue=https%3A%2F%2Faccounts.google.com%2Fsignin%2Foauth%2Fconsent%3Fauthuser%3Dunknown%26part%3DAJi8hAOgwnbOP7aHjS5LsrXlAwobDyya0wPcHDxzmy_gWdJk_5jN7P9bLdQ_ftHtnoH4GVx5wiaRw4cxRfpDY5PW0Ds80gSxdV4jsctQs10yI9Aw4DSyMcEqJJzf4fPLXGYwDSIi2IXmk-dBwlV4RN3xI-8D2rGkt6BollU2qOQ_YspZLQtb7gHpLdb3q4GKPJgqO2azBIS42LzlsI_dGLP09i2hPGeAMVegvDGdps2DUH6DUGgoRIkiOAJ8pfi8La2HDTAvfD7eiQxsn-tMdF7a80LoeOtLwSfO4TrDehc7JI68eGvvS88f_YwzawjyzMH5x_ySF0GSp47gXkVAFdXiQWxVZrkEmCA-Fmoer3ANzHINAtSDkZcA0B_NMHTTCd7bQaXVCx0ujK_-DzVtjHm8qmg-Tmu0nOrGroy999EmHJPVUQAurmAHgrSkC0obczEraOsVjLPAv3nKmM9kTXd0o5XbdOjuZ4JFnMuIwLLYsEEucsxZcfg%26flowName%3DGeneralOAuthFlow%26as%3DS-401973310%253A1778749064860272%26client_id%3D552722495653-cq6bh4f5e879nknh7gom6bo4qi1m37pp.apps.googleusercontent.com%26requestPath%3D%252Fsignin%252Foauth%252Fconsent%23&app_domain=https%3A%2F%2Ffjcbwqadjclajwfpvfil.supabase.co&rart=ANgoxceuy6DAEOzWQ1oWoN9hxesRW78tGkJagrocgePDN0pzR5d0lDZwqL-lc2NZVQpBl0hhqQCRAA9r1VfOjBW4egyaBRwMYPgYmLkfbqkVgql6bf7g5Gw:0
[  257294ms] [VERBOSE] [DOM] Password field is not contained in a form: (More info: https://goo.gl/9p2vKq) %o @ https://accounts.google.com/v3/signin/challenge/pwd?TL=APouJz4PBjTSyD85WwLdHvI2eGlxN2CtucfcxKCutHBpOT8A4YwfTKjIn1Rf-woC&app_domain=https%3A%2F%2Ffjcbwqadjclajwfpvfil.supabase.co&checkConnection=youtube%3A281&checkedDomains=youtube&cid=2&client_id=552722495653-cq6bh4f5e879nknh7gom6bo4qi1m37pp.apps.googleusercontent.com&continue=https%3A%2F%2Faccounts.google.com%2Fsignin%2Foauth%2Fconsent%3Fauthuser%3Dunknown%26part%3DAJi8hAOgwnbOP7aHjS5LsrXlAwobDyya0wPcHDxzmy_gWdJk_5jN7P9bLdQ_ftHtnoH4GVx5wiaRw4cxRfpDY5PW0Ds80gSxdV4jsctQs10yI9Aw4DSyMcEqJJzf4fPLXGYwDSIi2IXmk-dBwlV4RN3xI-8D2rGkt6BollU2qOQ_YspZLQtb7gHpLdb3q4GKPJgqO2azBIS42LzlsI_dGLP09i2hPGeAMVegvDGdps2DUH6DUGgoRIkiOAJ8pfi8La2HDTAvfD7eiQxsn-tMdF7a80LoeOtLwSfO4TrDehc7JI68eGvvS88f_YwzawjyzMH5x_ySF0GSp47gXkVAFdXiQWxVZrkEmCA-Fmoer3ANzHINAtSDkZcA0B_NMHTTCd7bQaXVCx0ujK_-DzVtjHm8qmg-Tmu0nOrGroy999EmHJPVUQAurmAHgrSkC0obczEraOsVjLPAv3nKmM9kTXd0o5XbdOjuZ4JFnMuIwLLYsEEucsxZcfg%26flowName%3DGeneralOAuthFlow%26as%3DS-401973310%253A1778749064860272%26client_id%3D552722495653-cq6bh4f5e879nknh7gom6bo4qi1m37pp.apps.googleusercontent.com%26requestPath%3D%252Fsignin%252Foauth%252Fconsent%23&dsh=S-401973310%3A1778749064860272&flowName=GeneralOAuthFlow&o2v=2&opparams=%253Fredirect_to%253Dhttp%25253A%25252F%25252Flocalhost%25253A3001%25252Fauth%25252Fconfirm&pstMsg=1&rart=ANgoxceuy6DAEOzWQ1oWoN9hxesRW78tGkJagrocgePDN0pzR5d0lDZwqL-lc2NZVQpBl0hhqQCRAA9r1VfOjBW4egyaBRwMYPgYmLkfbqkVgql6bf7g5Gw&redirect_uri=https%3A%2F%2Ffjcbwqadjclajwfpvfil.supabase.co%2Fauth%2Fv1%2Fcallback&response_type=code&scope=email%20profile&service=lso&state=5728529d-4cbf-4608-a8dd-3bcfebf5a865:0
[  274427ms] [VERBOSE] [DOM] Input elements should have autocomplete attributes (suggested: "current-password"): (More info: https://goo.gl/9p2vKq) %o @ https://freshpick-app.vercel.app/auth/login?code=2b548da9-9f75-4837-9eb9-bd10885bba6e&redirect=%2F:0
[  274880ms] [INFO] Banner not shown: beforeinstallpromptevent.preventDefault() called. The page must call beforeinstallpromptevent.prompt() to show the banner. @ https://freshpick-app.vercel.app/auth/login?code=2b548da9-9f75-4837-9eb9-bd10885bba6e&redirect=%2F:0
[  278342ms] [WARNING] The resource https://freshpick-app.vercel.app/_next/static/media/4cf2300e9c8272f7-s.p.woff2?dpl=dpl_2iFLVccjDKvf8oE1aVVAAEQshZH1 was preloaded using link preload but not used within a few seconds from the window's load event. Please make sure it has an appropriate `as` value and it is preloaded intentionally. @ https://freshpick-app.vercel.app/auth/login?code=2b548da9-9f75-4837-9eb9-bd10885bba6e&redirect=%2F:0
[  311656ms] [ERROR] Failed to load resource: the server responded with a status of 400 () @ https://fjcbwqadjclajwfpvfil.supabase.co/auth/v1/token?grant_type=pkce:0
[  313406ms] [INFO] Banner not shown: beforeinstallpromptevent.preventDefault() called. The page must call beforeinstallpromptevent.prompt() to show the banner. @ https://freshpick-app.vercel.app/auth/error?error=invalid%20request%3A%20both%20auth%20code%20and%20code%20verifier%20should%20be%20non-empty:0
[  315939ms] [VERBOSE] [DOM] Input elements should have autocomplete attributes (suggested: "current-password"): (More info: https://goo.gl/9p2vKq) %o @ https://freshpick-app.vercel.app/auth/login?code=2b548da9-9f75-4837-9eb9-bd10885bba6e&redirect=%2F:0
[  315971ms] [INFO] Banner not shown: beforeinstallpromptevent.preventDefault() called. The page must call beforeinstallpromptevent.prompt() to show the banner. @ https://freshpick-app.vercel.app/auth/login?code=2b548da9-9f75-4837-9eb9-bd10885bba6e&redirect=%2F:0
[  317150ms] [VERBOSE] [DOM] Input elements should have autocomplete attributes (suggested: "current-password"): (More info: https://goo.gl/9p2vKq) %o @ https://freshpick-app.vercel.app/auth/login?error=invalid_request&error_code=flow_state_already_used&error_description=State%20has%20already%20been%20used&redirect=%2F:0
[  317174ms] [INFO] Banner not shown: beforeinstallpromptevent.preventDefault() called. The page must call beforeinstallpromptevent.prompt() to show the banner. @ https://freshpick-app.vercel.app/auth/login?error=invalid_request&error_code=flow_state_already_used&error_description=State%20has%20already%20been%20used&redirect=%2F:0
[  318666ms] [VERBOSE] [DOM] Password field is not contained in a form: (More info: https://goo.gl/9p2vKq) %o @ https://accounts.google.com/v3/signin/identifier?opparams=%253Fredirect_to%253Dhttp%25253A%25252F%25252Flocalhost%25253A3001%25252Fauth%25252Fconfirm&dsh=S-401973310%3A1778749064860272&client_id=552722495653-cq6bh4f5e879nknh7gom6bo4qi1m37pp.apps.googleusercontent.com&o2v=2&redirect_uri=https%3A%2F%2Ffjcbwqadjclajwfpvfil.supabase.co%2Fauth%2Fv1%2Fcallback&response_type=code&scope=email+profile&service=lso&state=5728529d-4cbf-4608-a8dd-3bcfebf5a865&flowName=GeneralOAuthFlow&continue=https%3A%2F%2Faccounts.google.com%2Fsignin%2Foauth%2Fconsent%3Fauthuser%3Dunknown%26part%3DAJi8hAOgwnbOP7aHjS5LsrXlAwobDyya0wPcHDxzmy_gWdJk_5jN7P9bLdQ_ftHtnoH4GVx5wiaRw4cxRfpDY5PW0Ds80gSxdV4jsctQs10yI9Aw4DSyMcEqJJzf4fPLXGYwDSIi2IXmk-dBwlV4RN3xI-8D2rGkt6BollU2qOQ_YspZLQtb7gHpLdb3q4GKPJgqO2azBIS42LzlsI_dGLP09i2hPGeAMVegvDGdps2DUH6DUGgoRIkiOAJ8pfi8La2HDTAvfD7eiQxsn-tMdF7a80LoeOtLwSfO4TrDehc7JI68eGvvS88f_YwzawjyzMH5x_ySF0GSp47gXkVAFdXiQWxVZrkEmCA-Fmoer3ANzHINAtSDkZcA0B_NMHTTCd7bQaXVCx0ujK_-DzVtjHm8qmg-Tmu0nOrGroy999EmHJPVUQAurmAHgrSkC0obczEraOsVjLPAv3nKmM9kTXd0o5XbdOjuZ4JFnMuIwLLYsEEucsxZcfg%26flowName%3DGeneralOAuthFlow%26as%3DS-401973310%253A1778749064860272%26client_id%3D552722495653-cq6bh4f5e879nknh7gom6bo4qi1m37pp.apps.googleusercontent.com%26requestPath%3D%252Fsignin%252Foauth%252Fconsent%23&app_domain=https%3A%2F%2Ffjcbwqadjclajwfpvfil.supabase.co&rart=ANgoxceuy6DAEOzWQ1oWoN9hxesRW78tGkJagrocgePDN0pzR5d0lDZwqL-lc2NZVQpBl0hhqQCRAA9r1VfOjBW4egyaBRwMYPgYmLkfbqkVgql6bf7g5Gw:0
[  318672ms] [LOG] %c%s color: red; background: yellow; font-size: 24px; 경고! @ https://www.gstatic.com/_/mss/boq-identity/_/js/k=boq-identity.AccountsSignInUi.ko.Yw1MrP3GAr0.es5.O/am=iW8AAACEQhQhA4Dz__8DAAggiA74ngVoAoQMAAAAAAAAAABYAAAAjQ/d=1/excm=_b,_tp,identifierview/ed=1/dg=0/wt=2/ujg=1/rs=AOaEmlGPj6W0vITYncWKxleXy6R_OliuZQ/dti=1/m=_b,_tp:545
[  318672ms] [LOG] %c%s font-size: 18px; 이 콘솔을 사용하면 공격자가 Self-XSS라는 공격을 통해 내 신원을 도용하여 내 정보를 빼낼 수 있습니다.
알지 못하는 코드를 입력하거나 붙여넣지 마세요. @ https://www.gstatic.com/_/mss/boq-identity/_/js/k=boq-identity.AccountsSignInUi.ko.Yw1MrP3GAr0.es5.O/am=iW8AAACEQhQhA4Dz__8DAAggiA74ngVoAoQMAAAAAAAAAABYAAAAjQ/d=1/excm=_b,_tp,identifierview/ed=1/dg=0/wt=2/ujg=1/rs=AOaEmlGPj6W0vITYncWKxleXy6R_OliuZQ/dti=1/m=_b,_tp:545
[  319789ms] [INFO] %cDownload the React DevTools for a better development experience: https://react.dev/link/react-devtools font-weight:bold @ http://localhost:3001/_next/static/chunks/node_modules_next_dist_115brz8._.js:2432
[  319869ms] [LOG] [HMR] connected @ http://localhost:3001/_next/static/chunks/node_modules_next_dist_115brz8._.js:2432
[  331214ms] [LOG] [Fast Refresh] rebuilding @ http://localhost:3001/_next/static/chunks/node_modules_next_dist_115brz8._.js:2432
[  331273ms] Error: Internal Next.js error: Router action dispatched before initialization.
    at dispatchAppRouterAction (http://localhost:3001/_next/static/chunks/node_modules_next_dist_client_0fhqo1d._.js:917:37)
    at http://localhost:3001/_next/static/chunks/node_modules_next_dist_client_0fhqo1d._.js:11801:61
    at startTransition (http://localhost:3001/_next/static/chunks/node_modules_next_dist_compiled_0rpq4pf._.js:1280:31)
    at Object.hmrRefresh (http://localhost:3001/_next/static/chunks/node_modules_next_dist_client_0fhqo1d._.js:11800:40)
    at http://localhost:3001/_next/static/chunks/node_modules_next_dist_client_0fhqo1d._.js:13968:64
    at startTransition (http://localhost:3001/_next/static/chunks/node_modules_next_dist_compiled_0rpq4pf._.js:1280:31)
    at processMessage (http://localhost:3001/_next/static/chunks/node_modules_next_dist_client_0fhqo1d._.js:13967:44)
    at WebSocket.handleMessage (http://localhost:3001/_next/static/chunks/node_modules_next_dist_client_0fhqo1d._.js:13336:52)
[  331292ms] [LOG] [Fast Refresh] done in 172ms @ http://localhost:3001/_next/static/chunks/node_modules_next_dist_115brz8._.js:2432
[  335480ms] [LOG] [Fast Refresh] rebuilding @ http://localhost:3001/_next/static/chunks/node_modules_next_dist_115brz8._.js:2432
[  335644ms] [LOG] [Fast Refresh] done in 267ms @ http://localhost:3001/_next/static/chunks/node_modules_next_dist_115brz8._.js:2432
[  335686ms] [INFO] %cDownload the React DevTools for a better development experience: https://react.dev/link/react-devtools font-weight:bold @ http://localhost:3001/_next/static/chunks/node_modules_next_dist_115brz8._.js:2432
[  335702ms] [LOG] [HMR] connected @ http://localhost:3001/_next/static/chunks/node_modules_next_dist_115brz8._.js:2432
[  335740ms] [LOG] [analytics] PostHog key 없음 — 개발 모드 console.log 폴백 @ http://localhost:3001/_next/static/chunks/node_modules_next_dist_115brz8._.js:2432
[  335767ms] [LOG] %c[Vercel Web Analytics]%c Debug mode is enabled by default in development. No requests will be sent to the server. color: rgb(120, 120, 120) color: inherit @ http://localhost:3001/_next/static/chunks/node_modules_next_dist_115brz8._.js:2432
[  335767ms] [LOG] %c[Vercel Web Analytics]%c [view] http://localhost:3001/login color: rgb(120, 120, 120) color: inherit {o: http://localhost:3001/login, sv: 0.1.3, sdkn: @vercel/analytics/react, sdkv: 2.0.1, ts: 1778749153639} /_vercel/insights/view @ http://localhost:3001/_next/static/chunks/node_modules_next_dist_115brz8._.js:2432
[  335771ms] [LOG] %c[Vercel Speed Insights]%c Debug mode is enabled by default in development. No requests will be sent to the server. color: rgb(120, 120, 120) color: inherit @ http://localhost:3001/_next/static/chunks/node_modules_next_dist_115brz8._.js:2432
[  335841ms] [LOG] [Fast Refresh] rebuilding @ http://localhost:3001/_next/static/chunks/node_modules_next_dist_115brz8._.js:2432
[  335857ms] [LOG] [Fast Refresh] done in 121ms @ http://localhost:3001/_next/static/chunks/node_modules_next_dist_115brz8._.js:2432
[  348849ms] [LOG] [Fast Refresh] rebuilding @ http://localhost:3001/_next/static/chunks/node_modules_next_dist_115brz8._.js:2432
[  348853ms] [LOG] [Fast Refresh] done in 116ms @ http://localhost:3001/_next/static/chunks/node_modules_next_dist_115brz8._.js:2432
[  364954ms] [LOG] [Fast Refresh] rebuilding @ http://localhost:3001/_next/static/chunks/node_modules_next_dist_115brz8._.js:2432
[  364976ms] [LOG] [Fast Refresh] done in 125ms @ http://localhost:3001/_next/static/chunks/node_modules_next_dist_115brz8._.js:2432
[  364988ms] [LOG] %c[Vercel Speed Insights]%c [vitals] color: rgb(120, 120, 120) color: inherit {speed: 4g, metrics: Array(4), scriptVersion: 0.1.3, sdkName: @vercel/speed-insights/next, sdkVersion: 2.0.0} /_vercel/speed-insights/vitals @ http://localhost:3001/_next/static/chunks/node_modules_next_dist_115brz8._.js:2432
[  365000ms] [LOG] %c[Vercel Web Analytics]%c [view] http://localhost:3001/cards/ca000001-0001-4000-8000-000000000001 color: rgb(120, 120, 120) color: inherit {o: http://localhost:3001/cards/ca000001-0001-4000-8000-000000000001, sv: 0.1.3, sdkn: @vercel/analytics/react, sdkv: 2.0.1, ts: 1778749182859} /_vercel/insights/view @ http://localhost:3001/_next/static/chunks/node_modules_next_dist_115brz8._.js:2432
[  377902ms] [LOG] %c[Vercel Web Analytics]%c [view] http://localhost:3001/ color: rgb(120, 120, 120) color: inherit {o: http://localhost:3001/, sv: 0.1.3, sdkn: @vercel/analytics/react, sdkv: 2.0.1, ts: 1778749195774} /_vercel/insights/view @ http://localhost:3001/_next/static/chunks/node_modules_next_dist_115brz8._.js:2432
[  381324ms] [LOG] %c[Vercel Web Analytics]%c [view] http://localhost:3001/cards/ca000001-0001-4000-8000-000000000001 color: rgb(120, 120, 120) color: inherit {o: http://localhost:3001/cards/ca000001-0001-4000-8000-000000000001, sv: 0.1.3, sdkn: @vercel/analytics/react, sdkv: 2.0.1, ts: 1778749199181} /_vercel/insights/view @ http://localhost:3001/_next/static/chunks/node_modules_next_dist_115brz8._.js:2432
[  383131ms] [LOG] [Fast Refresh] rebuilding @ http://localhost:3001/_next/static/chunks/node_modules_next_dist_115brz8._.js:2432
[  383301ms] [LOG] [Fast Refresh] done in 195ms @ http://localhost:3001/_next/static/chunks/node_modules_next_dist_115brz8._.js:2432
[  383435ms] [LOG] [Fast Refresh] rebuilding @ http://localhost:3001/_next/static/chunks/node_modules_next_dist_115brz8._.js:2432
[  383565ms] [LOG] [Fast Refresh] done in 242ms @ http://localhost:3001/_next/static/chunks/node_modules_next_dist_115brz8._.js:2432
[  383860ms] [LOG] [Fast Refresh] rebuilding @ http://localhost:3001/_next/static/chunks/node_modules_next_dist_115brz8._.js:2432
[  384075ms] [LOG] [Fast Refresh] done in 320ms @ http://localhost:3001/_next/static/chunks/node_modules_next_dist_115brz8._.js:2432
[  384313ms] [LOG] %c[Vercel Web Analytics]%c [view] http://localhost:3001/cards/ca000001-0001-4000-8000-000000000001/cook color: rgb(120, 120, 120) color: inherit {o: http://localhost:3001/cards/ca000001-0001-4000-8000-000000000001/cook, sv: 0.1.3, sdkn: @vercel/analytics/react, sdkv: 2.0.1, ts: 1778749202160} /_vercel/insights/view @ http://localhost:3001/_next/static/chunks/node_modules_next_dist_115brz8._.js:2432
[  393242ms] [LOG] %c[Vercel Web Analytics]%c [view] http://localhost:3001/cards/ca000001-0001-4000-8000-000000000001 color: rgb(120, 120, 120) color: inherit {o: http://localhost:3001/cards/ca000001-0001-4000-8000-000000000001, sv: 0.1.3, sdkn: @vercel/analytics/react, sdkv: 2.0.1, ts: 1778749211113} /_vercel/insights/view @ http://localhost:3001/_next/static/chunks/node_modules_next_dist_115brz8._.js:2432
[  396739ms] [LOG] [analytics] card_shared {card_id: ca000001-0001-4000-8000-000000000001, channel: web-share} @ http://localhost:3001/_next/static/chunks/node_modules_next_dist_115brz8._.js:2432
[  409942ms] [LOG] %c[Vercel Web Analytics]%c [view] http://localhost:3001/ color: rgb(120, 120, 120) color: inherit {o: http://localhost:3001/, sv: 0.1.3, sdkn: @vercel/analytics/react, sdkv: 2.0.1, ts: 1778749227813} /_vercel/insights/view @ http://localhost:3001/_next/static/chunks/node_modules_next_dist_115brz8._.js:2432
[  411834ms] [LOG] %c[Vercel Web Analytics]%c [view] http://localhost:3001/chat color: rgb(120, 120, 120) color: inherit {o: http://localhost:3001/chat, sv: 0.1.3, sdkn: @vercel/analytics/react, sdkv: 2.0.1, ts: 1778749229696} /_vercel/insights/view @ http://localhost:3001/_next/static/chunks/node_modules_next_dist_115brz8._.js:2432
[  424601ms] [LOG] [Fast Refresh] rebuilding @ http://localhost:3001/_next/static/chunks/node_modules_next_dist_115brz8._.js:2432
[  424706ms] [LOG] [Fast Refresh] done in 213ms @ http://localhost:3001/_next/static/chunks/node_modules_next_dist_115brz8._.js:2432
[  464299ms] [ERROR] [chat stream] error: {"type":"overloaded_error","message":"Overloaded"} @ http://localhost:3001/_next/static/chunks/node_modules_next_dist_115brz8._.js:3273
[  475491ms] [LOG] [Fast Refresh] rebuilding @ http://localhost:3001/_next/static/chunks/node_modules_next_dist_115brz8._.js:2432
[  475832ms] [LOG] [Fast Refresh] done in 447ms @ http://localhost:3001/_next/static/chunks/node_modules_next_dist_115brz8._.js:2432
[  475967ms] [LOG] [Fast Refresh] rebuilding @ http://localhost:3001/_next/static/chunks/node_modules_next_dist_115brz8._.js:2432
[  476007ms] [LOG] [Fast Refresh] done in 145ms @ http://localhost:3001/_next/static/chunks/node_modules_next_dist_115brz8._.js:2432
[  476113ms] [LOG] [Fast Refresh] rebuilding @ http://localhost:3001/_next/static/chunks/node_modules_next_dist_115brz8._.js:2432
[  476114ms] [LOG] [Fast Refresh] done in 106ms @ http://localhost:3001/_next/static/chunks/node_modules_next_dist_115brz8._.js:2432
[  505138ms] [LOG] %c[Vercel Speed Insights]%c [vitals] color: rgb(120, 120, 120) color: inherit {speed: 4g, metrics: Array(1), scriptVersion: 0.1.3, sdkName: @vercel/speed-insights/next, sdkVersion: 2.0.0} /_vercel/speed-insights/vitals @ http://localhost:3001/_next/static/chunks/node_modules_next_dist_115brz8._.js:2432
[  505138ms] [LOG] %c[Vercel Speed Insights]%c [vitals] color: rgb(120, 120, 120) color: inherit {speed: 4g, metrics: Array(1), scriptVersion: 0.1.3, sdkName: @vercel/speed-insights/next, sdkVersion: 2.0.0} /_vercel/speed-insights/vitals @ http://localhost:3001/_next/static/chunks/node_modules_next_dist_115brz8._.js:2432
