[     721ms] [LOG] [Web Vitals] LCP: 904.00 @ http://localhost:3000/_next/static/chunks/node_modules_next_dist_115brz8._.js:2431
[     722ms] [LOG] [Web Vitals] CLS: 0.00 @ http://localhost:3000/_next/static/chunks/node_modules_next_dist_115brz8._.js:2431
[     880ms] [INFO] %cDownload the React DevTools for a better development experience: https://react.dev/link/react-devtools font-weight:bold @ http://localhost:3001/_next/static/chunks/node_modules_next_dist_115brz8._.js:2431
[     983ms] [LOG] [HMR] connected @ http://localhost:3001/_next/static/chunks/node_modules_next_dist_115brz8._.js:2431
[    1104ms] [LOG] [Fast Refresh] rebuilding @ http://localhost:3001/_next/static/chunks/node_modules_next_dist_115brz8._.js:2431
[    1132ms] [LOG] [Fast Refresh] done in 129ms @ http://localhost:3001/_next/static/chunks/node_modules_next_dist_115brz8._.js:2431
[    1134ms] [ERROR] Failed to load resource: the server responded with a status of 404 (Not Found) @ http://localhost:3001/icon-192x192.png:0
[    1137ms] [WARNING] Error while trying to use the following icon from the Manifest: http://localhost:3001/icon-192x192.png (Download error or resource isn't a valid image) @ http://localhost:3001/login:0
[    7844ms] [LOG] [Fast Refresh] rebuilding @ http://localhost:3001/_next/static/chunks/node_modules_next_dist_115brz8._.js:2431
[    7907ms] [LOG] [Fast Refresh] done in 166ms @ http://localhost:3001/_next/static/chunks/node_modules_next_dist_115brz8._.js:2431
[   10795ms] [LOG] [Fast Refresh] rebuilding @ http://localhost:3001/_next/static/chunks/node_modules_next_dist_115brz8._.js:2431
[   10889ms] [LOG] [Fast Refresh] done in 208ms @ http://localhost:3001/_next/static/chunks/node_modules_next_dist_115brz8._.js:2431
[   11166ms] [LOG] [Fast Refresh] rebuilding @ http://localhost:3001/_next/static/chunks/node_modules_next_dist_115brz8._.js:2431
[   11231ms] [LOG] [Fast Refresh] done in 180ms @ http://localhost:3001/_next/static/chunks/node_modules_next_dist_115brz8._.js:2431
[   13897ms] [LOG] [Fast Refresh] rebuilding @ http://localhost:3001/_next/static/chunks/node_modules_next_dist_115brz8._.js:2431
[   13939ms] [LOG] [Fast Refresh] done in 157ms @ http://localhost:3001/_next/static/chunks/node_modules_next_dist_115brz8._.js:2431
[   14163ms] [LOG] [Fast Refresh] rebuilding @ http://localhost:3001/_next/static/chunks/node_modules_next_dist_115brz8._.js:2431
[   14273ms] [LOG] [Fast Refresh] done in 212ms @ http://localhost:3001/_next/static/chunks/node_modules_next_dist_115brz8._.js:2431
[   28038ms] [LOG] [Fast Refresh] rebuilding @ http://localhost:3001/_next/static/chunks/node_modules_next_dist_115brz8._.js:2431
[   28226ms] [LOG] [Fast Refresh] done in 304ms @ http://localhost:3001/_next/static/chunks/node_modules_next_dist_115brz8._.js:2431
[   36708ms] [LOG] [Fast Refresh] rebuilding @ http://localhost:3001/_next/static/chunks/node_modules_next_dist_115brz8._.js:2431
[   36766ms] [LOG] [Fast Refresh] done in 159ms @ http://localhost:3001/_next/static/chunks/node_modules_next_dist_115brz8._.js:2431
[   36880ms] [LOG] [Fast Refresh] rebuilding @ http://localhost:3001/_next/static/chunks/node_modules_next_dist_115brz8._.js:2431
[   36909ms] [LOG] [Fast Refresh] done in 143ms @ http://localhost:3001/_next/static/chunks/node_modules_next_dist_115brz8._.js:2431
[   42147ms] [LOG] [Fast Refresh] rebuilding @ http://localhost:3001/_next/static/chunks/node_modules_next_dist_115brz8._.js:2431
[   42321ms] [LOG] [Fast Refresh] done in 277ms @ http://localhost:3001/_next/static/chunks/node_modules_next_dist_115brz8._.js:2431
[   42491ms] [LOG] [Fast Refresh] rebuilding @ http://localhost:3001/_next/static/chunks/node_modules_next_dist_115brz8._.js:2431
[   42507ms] [LOG] [Fast Refresh] done in 118ms @ http://localhost:3001/_next/static/chunks/node_modules_next_dist_115brz8._.js:2431
[   45225ms] [LOG] [Fast Refresh] rebuilding @ http://localhost:3001/_next/static/chunks/node_modules_next_dist_115brz8._.js:2431
[   45309ms] [LOG] [Fast Refresh] done in 191ms @ http://localhost:3001/_next/static/chunks/node_modules_next_dist_115brz8._.js:2431
[   45628ms] [LOG] [Fast Refresh] rebuilding @ http://localhost:3001/_next/static/chunks/node_modules_next_dist_115brz8._.js:2431
[   45671ms] [LOG] [Fast Refresh] done in 146ms @ http://localhost:3001/_next/static/chunks/node_modules_next_dist_115brz8._.js:2431
[   45784ms] [LOG] [Fast Refresh] rebuilding @ http://localhost:3001/_next/static/chunks/node_modules_next_dist_115brz8._.js:2431
[   45800ms] [LOG] [Fast Refresh] done in 129ms @ http://localhost:3001/_next/static/chunks/node_modules_next_dist_115brz8._.js:2431
[   56350ms] [LOG] [Fast Refresh] rebuilding @ http://localhost:3001/_next/static/chunks/node_modules_next_dist_115brz8._.js:2431
[   56415ms] [LOG] [Fast Refresh] done in 167ms @ http://localhost:3001/_next/static/chunks/node_modules_next_dist_115brz8._.js:2431
[   76741ms] [LOG] [Fast Refresh] rebuilding @ http://localhost:3001/_next/static/chunks/node_modules_next_dist_115brz8._.js:2431
[   76787ms] [LOG] [Fast Refresh] done in 148ms @ http://localhost:3001/_next/static/chunks/node_modules_next_dist_115brz8._.js:2431
[   76895ms] [LOG] [Fast Refresh] rebuilding @ http://localhost:3001/_next/static/chunks/node_modules_next_dist_115brz8._.js:2431
[   76912ms] [LOG] [Fast Refresh] done in 124ms @ http://localhost:3001/_next/static/chunks/node_modules_next_dist_115brz8._.js:2431
[  110794ms] [LOG] [Fast Refresh] rebuilding @ http://localhost:3001/_next/static/chunks/node_modules_next_dist_115brz8._.js:2431
[  110825ms] [LOG] [Fast Refresh] done in 131ms @ http://localhost:3001/_next/static/chunks/node_modules_next_dist_115brz8._.js:2431
[  110935ms] [LOG] [Fast Refresh] rebuilding @ http://localhost:3001/_next/static/chunks/node_modules_next_dist_115brz8._.js:2431
[  110951ms] [LOG] [Fast Refresh] done in 126ms @ http://localhost:3001/_next/static/chunks/node_modules_next_dist_115brz8._.js:2431
[  121742ms] [LOG] [Fast Refresh] rebuilding @ http://localhost:3001/_next/static/chunks/node_modules_next_dist_115brz8._.js:2431
[  121809ms] [LOG] [Fast Refresh] done in 177ms @ http://localhost:3001/_next/static/chunks/node_modules_next_dist_115brz8._.js:2431
[  123848ms] [LOG] [Fast Refresh] rebuilding @ http://localhost:3001/_next/static/chunks/node_modules_next_dist_115brz8._.js:2431
[  123910ms] [LOG] [Fast Refresh] done in 176ms @ http://localhost:3001/_next/static/chunks/node_modules_next_dist_115brz8._.js:2431
