[     139ms] [LOG] [Fast Refresh] rebuilding @ http://localhost:3001/_next/static/chunks/node_modules_next_dist_115brz8._.js:2432
[     269ms] [LOG] [Fast Refresh] done in 231ms @ http://localhost:3001/_next/static/chunks/node_modules_next_dist_115brz8._.js:2432
[     288ms] [LOG] %c[Vercel Speed Insights]%c [vitals] color: rgb(120, 120, 120) color: inherit {speed: 4g, metrics: Array(3), scriptVersion: 0.1.3, sdkName: @vercel/speed-insights/next, sdkVersion: 2.0.0} /_vercel/speed-insights/vitals @ http://localhost:3001/_next/static/chunks/node_modules_next_dist_115brz8._.js:2432
[     288ms] [LOG] %c[Vercel Speed Insights]%c [vitals] color: rgb(120, 120, 120) color: inherit {speed: 4g, metrics: Array(1), scriptVersion: 0.1.3, sdkName: @vercel/speed-insights/next, sdkVersion: 2.0.0} /_vercel/speed-insights/vitals @ http://localhost:3001/_next/static/chunks/node_modules_next_dist_115brz8._.js:2432
[     617ms] [INFO] %cDownload the React DevTools for a better development experience: https://react.dev/link/react-devtools font-weight:bold @ http://localhost:3001/_next/static/chunks/node_modules_next_dist_115brz8._.js:2432
[     748ms] [LOG] [HMR] connected @ http://localhost:3001/_next/static/chunks/node_modules_next_dist_115brz8._.js:2432
[     843ms] [LOG] [analytics] PostHog key 없음 — 개발 모드 console.log 폴백 @ http://localhost:3001/_next/static/chunks/node_modules_next_dist_115brz8._.js:2432
[     883ms] [LOG] %c[Vercel Web Analytics]%c Debug mode is enabled by default in development. No requests will be sent to the server. color: rgb(120, 120, 120) color: inherit @ http://localhost:3001/_next/static/chunks/node_modules_next_dist_115brz8._.js:2432
[     883ms] [LOG] %c[Vercel Web Analytics]%c [view] http://localhost:3001/family color: rgb(120, 120, 120) color: inherit {o: http://localhost:3001/family, sv: 0.1.3, sdkn: @vercel/analytics/react, sdkv: 2.0.1, ts: 1778942362129} /_vercel/insights/view @ http://localhost:3001/_next/static/chunks/node_modules_next_dist_115brz8._.js:2432
[     883ms] [LOG] %c[Vercel Speed Insights]%c Debug mode is enabled by default in development. No requests will be sent to the server. color: rgb(120, 120, 120) color: inherit @ http://localhost:3001/_next/static/chunks/node_modules_next_dist_115brz8._.js:2432
[    1065ms] [LOG] [Fast Refresh] rebuilding @ http://localhost:3001/_next/static/chunks/node_modules_next_dist_115brz8._.js:2432
[    1070ms] [LOG] [Fast Refresh] done in 106ms @ http://localhost:3001/_next/static/chunks/node_modules_next_dist_115brz8._.js:2432
[    1191ms] [LOG] [Fast Refresh] rebuilding @ http://localhost:3001/_next/static/chunks/node_modules_next_dist_115brz8._.js:2432
[    1380ms] [LOG] [Fast Refresh] done in 292ms @ http://localhost:3001/_next/static/chunks/node_modules_next_dist_115brz8._.js:2432
[    4291ms] [LOG] [Fast Refresh] rebuilding @ http://localhost:3001/_next/static/chunks/node_modules_next_dist_115brz8._.js:2432
[    4295ms] [LOG] [Fast Refresh] done in 119ms @ http://localhost:3001/_next/static/chunks/node_modules_next_dist_115brz8._.js:2432
[    5203ms] [LOG] [Fast Refresh] rebuilding @ http://localhost:3001/_next/static/chunks/node_modules_next_dist_115brz8._.js:2432
[    5400ms] [LOG] [Fast Refresh] done in 303ms @ http://localhost:3001/_next/static/chunks/node_modules_next_dist_115brz8._.js:2432
[    7782ms] [LOG] [Fast Refresh] rebuilding @ http://localhost:3001/_next/static/chunks/node_modules_next_dist_115brz8._.js:2432
[    7826ms] [LOG] [Fast Refresh] done in 145ms @ http://localhost:3001/_next/static/chunks/node_modules_next_dist_115brz8._.js:2432
[   11301ms] [LOG] [Fast Refresh] rebuilding @ http://localhost:3001/_next/static/chunks/node_modules_next_dist_115brz8._.js:2432
[   11399ms] [LOG] [Fast Refresh] done in 207ms @ http://localhost:3001/_next/static/chunks/node_modules_next_dist_115brz8._.js:2432
[   14298ms] [LOG] [Fast Refresh] rebuilding @ http://localhost:3001/_next/static/chunks/node_modules_next_dist_115brz8._.js:2432
[   14471ms] [ERROR] Failed to load resource: the server responded with a status of 500 (Internal Server Error) @ http://localhost:3001/family:0
[   14501ms] [LOG] [Fast Refresh] done in 307ms @ http://localhost:3001/_next/static/chunks/node_modules_next_dist_115brz8._.js:2432
[   14541ms] [ERROR] %o

%s Error: A "use server" file can only export async functions, found object.
Read more: https://nextjs.org/docs/messages/invalid-use-server-value
    at module evaluation (about://React/Server/D:%5Cfreshpickai-app%5C.next%5Cdev%5Cserver%5Cchunks%5Cssr%5C%5Broot-of-the-server%5D__0fl1lqr._.js?84:680:239)
    at module evaluation (about://React/Server/D:%5Cfreshpickai-app%5C.next%5Cdev%5Cserver%5Cchunks%5Cssr%5C%5Broot-of-the-server%5D__0fl1lqr._.js?85:696:175)
    at module evaluation (about://React/Server/D:%5Cfreshpickai-app%5C.next%5Cdev%5Cserver%5Cchunks%5Cssr%5C%5Broot-of-the-server%5D__0fl1lqr._.js?86:747:808)
    at resolveErrorDev (http://localhost:3001/_next/static/chunks/node_modules_next_dist_compiled_react-server-dom-turbopack_0p3wegg._.js:1920:105)
    at processFullStringRow (http://localhost:3001/_next/static/chunks/node_modules_next_dist_compiled_react-server-dom-turbopack_0p3wegg._.js:2435:29)
    at processFullBinaryRow (http://localhost:3001/_next/static/chunks/node_modules_next_dist_compiled_react-server-dom-turbopack_0p3wegg._.js:2394:9)
    at processBinaryChunk (http://localhost:3001/_next/static/chunks/node_modules_next_dist_compiled_react-server-dom-turbopack_0p3wegg._.js:2503:221)
    at progress (http://localhost:3001/_next/static/chunks/node_modules_next_dist_compiled_react-server-dom-turbopack_0p3wegg._.js:2690:13) The above error occurred in the <KidsRating> component. It was handled by the <ErrorBoundaryHandler> error boundary. @ http://localhost:3001/_next/static/chunks/node_modules_next_dist_client_0fhqo1d._.js:1999
[   16361ms] [LOG] [Fast Refresh] rebuilding @ http://localhost:3001/_next/static/chunks/node_modules_next_dist_115brz8._.js:2432
[   16521ms] [LOG] [Fast Refresh] done in 266ms @ http://localhost:3001/_next/static/chunks/node_modules_next_dist_115brz8._.js:2432
[   20754ms] [LOG] [Fast Refresh] rebuilding @ http://localhost:3001/_next/static/chunks/node_modules_next_dist_115brz8._.js:2432
[   22671ms] [LOG] [Fast Refresh] done in 2022ms @ http://localhost:3001/_next/static/chunks/node_modules_next_dist_115brz8._.js:2432
[   28840ms] [LOG] [Fast Refresh] rebuilding @ http://localhost:3001/_next/static/chunks/node_modules_next_dist_115brz8._.js:2432
[   28859ms] [LOG] [Fast Refresh] done in 126ms @ http://localhost:3001/_next/static/chunks/node_modules_next_dist_115brz8._.js:2432
[   30950ms] [LOG] [Fast Refresh] rebuilding @ http://localhost:3001/_next/static/chunks/node_modules_next_dist_115brz8._.js:2432
[   31043ms] [LOG] [Fast Refresh] done in 209ms @ http://localhost:3001/_next/static/chunks/node_modules_next_dist_115brz8._.js:2432
[   34689ms] [LOG] [Fast Refresh] rebuilding @ http://localhost:3001/_next/static/chunks/node_modules_next_dist_115brz8._.js:2432
[   34703ms] [LOG] [Fast Refresh] done in 124ms @ http://localhost:3001/_next/static/chunks/node_modules_next_dist_115brz8._.js:2432
[   35099ms] [LOG] [Fast Refresh] rebuilding @ http://localhost:3001/_next/static/chunks/node_modules_next_dist_115brz8._.js:2432
[   35158ms] [LOG] [Fast Refresh] done in 169ms @ http://localhost:3001/_next/static/chunks/node_modules_next_dist_115brz8._.js:2432
[   42040ms] [LOG] [Fast Refresh] rebuilding @ http://localhost:3001/_next/static/chunks/node_modules_next_dist_115brz8._.js:2432
[   42848ms] [LOG] [Fast Refresh] done in 924ms @ http://localhost:3001/_next/static/chunks/node_modules_next_dist_115brz8._.js:2432
[   46442ms] [LOG] [Fast Refresh] rebuilding @ http://localhost:3001/_next/static/chunks/node_modules_next_dist_115brz8._.js:2432
[   46679ms] [LOG] [Fast Refresh] done in 341ms @ http://localhost:3001/_next/static/chunks/node_modules_next_dist_115brz8._.js:2432
[   50376ms] [LOG] [Fast Refresh] rebuilding @ http://localhost:3001/_next/static/chunks/node_modules_next_dist_115brz8._.js:2432
[   50455ms] [LOG] [Fast Refresh] done in 189ms @ http://localhost:3001/_next/static/chunks/node_modules_next_dist_115brz8._.js:2432
[   50561ms] [LOG] [Fast Refresh] rebuilding @ http://localhost:3001/_next/static/chunks/node_modules_next_dist_115brz8._.js:2432
[   50725ms] [LOG] [Fast Refresh] done in 265ms @ http://localhost:3001/_next/static/chunks/node_modules_next_dist_115brz8._.js:2432
[   50982ms] [LOG] [Fast Refresh] rebuilding @ http://localhost:3001/_next/static/chunks/node_modules_next_dist_115brz8._.js:2432
[   51206ms] [LOG] [Fast Refresh] done in 329ms @ http://localhost:3001/_next/static/chunks/node_modules_next_dist_115brz8._.js:2432
[   51389ms] [LOG] [Fast Refresh] rebuilding @ http://localhost:3001/_next/static/chunks/node_modules_next_dist_115brz8._.js:2432
[   51396ms] [LOG] [Fast Refresh] done in 109ms @ http://localhost:3001/_next/static/chunks/node_modules_next_dist_115brz8._.js:2432
[   51566ms] [LOG] [Fast Refresh] rebuilding @ http://localhost:3001/_next/static/chunks/node_modules_next_dist_115brz8._.js:2432
[   51634ms] [LOG] [Fast Refresh] done in 169ms @ http://localhost:3001/_next/static/chunks/node_modules_next_dist_115brz8._.js:2432
[   52772ms] [LOG] [Fast Refresh] rebuilding @ http://localhost:3001/_next/static/chunks/node_modules_next_dist_115brz8._.js:2432
[   53014ms] [LOG] [Fast Refresh] done in 355ms @ http://localhost:3001/_next/static/chunks/node_modules_next_dist_115brz8._.js:2432
[   54217ms] [LOG] [Fast Refresh] rebuilding @ http://localhost:3001/_next/static/chunks/node_modules_next_dist_115brz8._.js:2432
[   54423ms] [LOG] [Fast Refresh] done in 314ms @ http://localhost:3001/_next/static/chunks/node_modules_next_dist_115brz8._.js:2432
[   54747ms] [LOG] [Fast Refresh] rebuilding @ http://localhost:3001/_next/static/chunks/node_modules_next_dist_115brz8._.js:2432
[   55038ms] [LOG] [Fast Refresh] done in 404ms @ http://localhost:3001/_next/static/chunks/node_modules_next_dist_115brz8._.js:2432
[   55182ms] [LOG] [Fast Refresh] rebuilding @ http://localhost:3001/_next/static/chunks/node_modules_next_dist_115brz8._.js:2432
[   55197ms] [LOG] [Fast Refresh] done in 126ms @ http://localhost:3001/_next/static/chunks/node_modules_next_dist_115brz8._.js:2432
[   55332ms] [LOG] [Fast Refresh] rebuilding @ http://localhost:3001/_next/static/chunks/node_modules_next_dist_115brz8._.js:2432
[   55443ms] [LOG] [Fast Refresh] done in 213ms @ http://localhost:3001/_next/static/chunks/node_modules_next_dist_115brz8._.js:2432
[   55575ms] [LOG] [Fast Refresh] rebuilding @ http://localhost:3001/_next/static/chunks/node_modules_next_dist_115brz8._.js:2432
[   55851ms] [LOG] [Fast Refresh] done in 380ms @ http://localhost:3001/_next/static/chunks/node_modules_next_dist_115brz8._.js:2432
[   58196ms] [LOG] [Fast Refresh] rebuilding @ http://localhost:3001/_next/static/chunks/node_modules_next_dist_115brz8._.js:2432
[   58479ms] [LOG] [Fast Refresh] done in 239ms @ http://localhost:3001/_next/static/chunks/node_modules_next_dist_115brz8._.js:2432
[   58617ms] [LOG] [Fast Refresh] rebuilding @ http://localhost:3001/_next/static/chunks/node_modules_next_dist_115brz8._.js:2432
[   58896ms] [LOG] [Fast Refresh] done in 382ms @ http://localhost:3001/_next/static/chunks/node_modules_next_dist_115brz8._.js:2432
[   59590ms] [LOG] [Fast Refresh] rebuilding @ http://localhost:3001/_next/static/chunks/node_modules_next_dist_115brz8._.js:2432
[   59797ms] [LOG] [Fast Refresh] done in 322ms @ http://localhost:3001/_next/static/chunks/node_modules_next_dist_115brz8._.js:2432
[   61440ms] [LOG] [Fast Refresh] rebuilding @ http://localhost:3001/_next/static/chunks/node_modules_next_dist_115brz8._.js:2432
[   61480ms] [LOG] [Fast Refresh] done in 143ms @ http://localhost:3001/_next/static/chunks/node_modules_next_dist_115brz8._.js:2432
[   61611ms] [LOG] [Fast Refresh] rebuilding @ http://localhost:3001/_next/static/chunks/node_modules_next_dist_115brz8._.js:2432
[   62371ms] [LOG] [Fast Refresh] done in 868ms @ http://localhost:3001/_next/static/chunks/node_modules_next_dist_115brz8._.js:2432
[   63116ms] [LOG] [Fast Refresh] rebuilding @ http://localhost:3001/_next/static/chunks/node_modules_next_dist_115brz8._.js:2432
[   63252ms] [LOG] [Fast Refresh] done in 236ms @ http://localhost:3001/_next/static/chunks/node_modules_next_dist_115brz8._.js:2432
[   63508ms] [LOG] [Fast Refresh] rebuilding @ http://localhost:3001/_next/static/chunks/node_modules_next_dist_115brz8._.js:2432
[   63700ms] [LOG] [Fast Refresh] done in 292ms @ http://localhost:3001/_next/static/chunks/node_modules_next_dist_115brz8._.js:2432
[   63807ms] [LOG] [Fast Refresh] rebuilding @ http://localhost:3001/_next/static/chunks/node_modules_next_dist_115brz8._.js:2432
[   64061ms] [LOG] [Fast Refresh] done in 360ms @ http://localhost:3001/_next/static/chunks/node_modules_next_dist_115brz8._.js:2432
[   64489ms] [LOG] [Fast Refresh] rebuilding @ http://localhost:3001/_next/static/chunks/node_modules_next_dist_115brz8._.js:2432
[   64658ms] [LOG] [Fast Refresh] done in 283ms @ http://localhost:3001/_next/static/chunks/node_modules_next_dist_115brz8._.js:2432
[   66745ms] [LOG] [Fast Refresh] rebuilding @ http://localhost:3001/_next/static/chunks/node_modules_next_dist_115brz8._.js:2432
[   66763ms] [LOG] [Fast Refresh] done in 129ms @ http://localhost:3001/_next/static/chunks/node_modules_next_dist_115brz8._.js:2432
[   66872ms] [LOG] [Fast Refresh] rebuilding @ http://localhost:3001/_next/static/chunks/node_modules_next_dist_115brz8._.js:2432
[   68402ms] [LOG] [Fast Refresh] done in 1639ms @ http://localhost:3001/_next/static/chunks/node_modules_next_dist_115brz8._.js:2432
[   72793ms] [LOG] [Fast Refresh] rebuilding @ http://localhost:3001/_next/static/chunks/node_modules_next_dist_115brz8._.js:2432
[   74283ms] [LOG] [Fast Refresh] done in 1595ms @ http://localhost:3001/_next/static/chunks/node_modules_next_dist_115brz8._.js:2432
[   74447ms] [LOG] [Fast Refresh] rebuilding @ http://localhost:3001/_next/static/chunks/node_modules_next_dist_115brz8._.js:2432
[   74448ms] [LOG] [Fast Refresh] done in 105ms @ http://localhost:3001/_next/static/chunks/node_modules_next_dist_115brz8._.js:2432
[   77658ms] [LOG] [Fast Refresh] rebuilding @ http://localhost:3001/_next/static/chunks/node_modules_next_dist_115brz8._.js:2432
[   79051ms] [LOG] [Fast Refresh] done in 1500ms @ http://localhost:3001/_next/static/chunks/node_modules_next_dist_115brz8._.js:2432
[   83226ms] [LOG] [Fast Refresh] rebuilding @ http://localhost:3001/_next/static/chunks/node_modules_next_dist_115brz8._.js:2432
[   84721ms] [LOG] [Fast Refresh] done in 228ms @ http://localhost:3001/_next/static/chunks/node_modules_next_dist_115brz8._.js:2432
[   87320ms] [LOG] [Fast Refresh] rebuilding @ http://localhost:3001/_next/static/chunks/node_modules_next_dist_115brz8._.js:2432
[   87378ms] [LOG] [Fast Refresh] done in 159ms @ http://localhost:3001/_next/static/chunks/node_modules_next_dist_115brz8._.js:2432
