[     159ms] [INFO] %cDownload the React DevTools for a better development experience: https://react.dev/link/react-devtools font-weight:bold @ http://localhost:3000/_next/static/chunks/node_modules_next_dist_115brz8._.js:2431
[     196ms] [LOG] [HMR] connected @ http://localhost:3000/_next/static/chunks/node_modules_next_dist_115brz8._.js:2431
[     303ms] [LOG] [Fast Refresh] rebuilding @ http://localhost:3000/_next/static/chunks/node_modules_next_dist_115brz8._.js:2431
[     382ms] [LOG] [Fast Refresh] done in 179ms @ http://localhost:3000/_next/static/chunks/node_modules_next_dist_115brz8._.js:2431
[     387ms] [ERROR] Failed to load resource: the server responded with a status of 404 (Not Found) @ http://localhost:3000/icon-192x192.png:0
[     470ms] [WARNING] Error while trying to use the following icon from the Manifest: http://localhost:3000/icon-192x192.png (Download error or resource isn't a valid image) @ http://localhost:3000/onboarding:0
[     776ms] [ERROR] Failed to load resource: the server responded with a status of 404 (Not Found) @ http://localhost:3000/icon-192x192.png:0
[     780ms] [WARNING] Error while trying to use the following icon from the Manifest: http://localhost:3000/icon-192x192.png (Download error or resource isn't a valid image) @ http://localhost:3000/onboarding:0
[   27707ms] [ERROR] Failed to load resource: the server responded with a status of 404 (Not Found) @ http://localhost:3000/icon-192x192.png:0
[   27711ms] [WARNING] Error while trying to use the following icon from the Manifest: http://localhost:3000/icon-192x192.png (Download error or resource isn't a valid image) @ http://localhost:3000/:0
[   29774ms] [LOG] [Fast Refresh] rebuilding @ http://localhost:3000/_next/static/chunks/node_modules_next_dist_115brz8._.js:2431
[   29838ms] [LOG] [Fast Refresh] done in 168ms @ http://localhost:3000/_next/static/chunks/node_modules_next_dist_115brz8._.js:2431
[   31859ms] [INFO] %cDownload the React DevTools for a better development experience: https://react.dev/link/react-devtools font-weight:bold @ http://localhost:3000/_next/static/chunks/node_modules_next_dist_115brz8._.js:2431
[   31884ms] [LOG] [HMR] connected @ http://localhost:3000/_next/static/chunks/node_modules_next_dist_115brz8._.js:2431
[   32017ms] [ERROR] Failed to load resource: the server responded with a status of 404 (Not Found) @ http://localhost:3000/icon-192x192.png:0
[   32025ms] [WARNING] Error while trying to use the following icon from the Manifest: http://localhost:3000/icon-192x192.png (Download error or resource isn't a valid image) @ http://localhost:3000/cart:0
[   32087ms] [ERROR] Failed to load resource: the server responded with a status of 404 (Not Found) @ http://localhost:3000/icon-192x192.png:0
[   32092ms] [WARNING] Error while trying to use the following icon from the Manifest: http://localhost:3000/icon-192x192.png (Download error or resource isn't a valid image) @ http://localhost:3000/onboarding:0
[   54213ms] [LOG] [Fast Refresh] rebuilding @ http://localhost:3000/_next/static/chunks/node_modules_next_dist_115brz8._.js:2431
[   54320ms] [LOG] [Fast Refresh] done in 128ms @ http://localhost:3000/_next/static/chunks/node_modules_next_dist_115brz8._.js:2431
[   54494ms] [LOG] [Fast Refresh] rebuilding @ http://localhost:3000/_next/static/chunks/node_modules_next_dist_115brz8._.js:2431
[   54520ms] [LOG] [Fast Refresh] done in 128ms @ http://localhost:3000/_next/static/chunks/node_modules_next_dist_115brz8._.js:2431
[   54639ms] [LOG] [Fast Refresh] rebuilding @ http://localhost:3000/_next/static/chunks/node_modules_next_dist_115brz8._.js:2431
[   54739ms] [LOG] [Fast Refresh] done in 201ms @ http://localhost:3000/_next/static/chunks/node_modules_next_dist_115brz8._.js:2431
[   54742ms] [ERROR] Failed to load resource: the server responded with a status of 404 (Not Found) @ http://localhost:3000/icon-192x192.png:0
[   54746ms] [WARNING] Error while trying to use the following icon from the Manifest: http://localhost:3000/icon-192x192.png (Download error or resource isn't a valid image) @ http://localhost:3000/onboarding:0
