[      92ms] [INFO] %cDownload the React DevTools for a better development experience: https://react.dev/link/react-devtools font-weight:bold @ http://localhost:3001/_next/static/chunks/node_modules_next_dist_115brz8._.js:2431
[     107ms] [LOG] [HMR] connected @ http://localhost:3001/_next/static/chunks/node_modules_next_dist_115brz8._.js:2431
[     234ms] [LOG] [Fast Refresh] rebuilding @ http://localhost:3001/_next/static/chunks/node_modules_next_dist_115brz8._.js:2431
[     288ms] [ERROR] Failed to load resource: the server responded with a status of 404 (Not Found) @ http://localhost:3001/icon-192x192.png:0
[     291ms] [WARNING] Error while trying to use the following icon from the Manifest: http://localhost:3001/icon-192x192.png (Download error or resource isn't a valid image) @ http://localhost:3001/login:0
[     299ms] [LOG] [Fast Refresh] done in 177ms @ http://localhost:3001/_next/static/chunks/node_modules_next_dist_115brz8._.js:2431
[   19438ms] [LOG] [Fast Refresh] rebuilding @ http://localhost:3001/_next/static/chunks/node_modules_next_dist_115brz8._.js:2431
[   19518ms] [LOG] [Fast Refresh] done in 182ms @ http://localhost:3001/_next/static/chunks/node_modules_next_dist_115brz8._.js:2431
[   35972ms] [LOG] [Fast Refresh] rebuilding @ http://localhost:3001/_next/static/chunks/node_modules_next_dist_115brz8._.js:2431
[   35983ms] [LOG] [Fast Refresh] done in 111ms @ http://localhost:3001/_next/static/chunks/node_modules_next_dist_115brz8._.js:2431
[   36112ms] [ERROR] Failed to load resource: the server responded with a status of 404 (Not Found) @ http://localhost:3001/icon-192x192.png:0
[   36131ms] [WARNING] Error while trying to use the following icon from the Manifest: http://localhost:3001/icon-192x192.png (Download error or resource isn't a valid image) @ http://localhost:3001/onboarding:0
[   36389ms] [ERROR] Failed to load resource: the server responded with a status of 404 (Not Found) @ http://localhost:3001/icon-192x192.png:0
[   36394ms] [WARNING] Error while trying to use the following icon from the Manifest: http://localhost:3001/icon-192x192.png (Download error or resource isn't a valid image) @ http://localhost:3001/onboarding:0
[   37315ms] [LOG] [Fast Refresh] rebuilding @ http://localhost:3001/_next/static/chunks/node_modules_next_dist_115brz8._.js:2431
[   37380ms] [LOG] [Fast Refresh] done in 165ms @ http://localhost:3001/_next/static/chunks/node_modules_next_dist_115brz8._.js:2431
[   54123ms] [LOG] [Fast Refresh] rebuilding @ http://localhost:3001/_next/static/chunks/node_modules_next_dist_115brz8._.js:2431
[   54185ms] [LOG] [Fast Refresh] done in 165ms @ http://localhost:3001/_next/static/chunks/node_modules_next_dist_115brz8._.js:2431
[   65726ms] [LOG] [Fast Refresh] rebuilding @ http://localhost:3001/_next/static/chunks/node_modules_next_dist_115brz8._.js:2431
[   65789ms] [LOG] [Fast Refresh] done in 164ms @ http://localhost:3001/_next/static/chunks/node_modules_next_dist_115brz8._.js:2431
[   68881ms] [LOG] [Fast Refresh] rebuilding @ http://localhost:3001/_next/static/chunks/node_modules_next_dist_115brz8._.js:2431
[   68944ms] [LOG] [Fast Refresh] done in 166ms @ http://localhost:3001/_next/static/chunks/node_modules_next_dist_115brz8._.js:2431
[   72796ms] [LOG] [Fast Refresh] rebuilding @ http://localhost:3001/_next/static/chunks/node_modules_next_dist_115brz8._.js:2431
[   72859ms] [LOG] [Fast Refresh] done in 165ms @ http://localhost:3001/_next/static/chunks/node_modules_next_dist_115brz8._.js:2431
[  240626ms] [LOG] [Fast Refresh] rebuilding @ http://localhost:3001/_next/static/chunks/node_modules_next_dist_115brz8._.js:2431
[  240928ms] [LOG] [Fast Refresh] done in 395ms @ http://localhost:3001/_next/static/chunks/node_modules_next_dist_115brz8._.js:2431
[  241294ms] [LOG] [Fast Refresh] rebuilding @ http://localhost:3001/_next/static/chunks/node_modules_next_dist_115brz8._.js:2431
[  241321ms] [LOG] [Fast Refresh] done in 130ms @ http://localhost:3001/_next/static/chunks/node_modules_next_dist_115brz8._.js:2431
[  241736ms] [LOG] [Fast Refresh] rebuilding @ http://localhost:3001/_next/static/chunks/node_modules_next_dist_115brz8._.js:2431
[  241739ms] [LOG] [Fast Refresh] done in 110ms @ http://localhost:3001/_next/static/chunks/node_modules_next_dist_115brz8._.js:2431
[  241743ms] [ERROR] Failed to load resource: the server responded with a status of 404 (Not Found) @ http://localhost:3001/icon-192x192.png:0
[  241748ms] [WARNING] Error while trying to use the following icon from the Manifest: http://localhost:3001/icon-192x192.png (Download error or resource isn't a valid image) @ http://localhost:3001/onboarding:0
[  261061ms] [LOG] [Fast Refresh] rebuilding @ http://localhost:3001/_next/static/chunks/node_modules_next_dist_115brz8._.js:2431
[  261186ms] [LOG] [Fast Refresh] done in 180ms @ http://localhost:3001/_next/static/chunks/node_modules_next_dist_115brz8._.js:2431
[  261320ms] [LOG] [Fast Refresh] rebuilding @ http://localhost:3001/_next/static/chunks/node_modules_next_dist_115brz8._.js:2431
[  261348ms] [LOG] [Fast Refresh] done in 137ms @ http://localhost:3001/_next/static/chunks/node_modules_next_dist_115brz8._.js:2431
[  289331ms] [LOG] [Fast Refresh] rebuilding @ http://localhost:3001/_next/static/chunks/node_modules_next_dist_115brz8._.js:2431
[  289594ms] [LOG] [Fast Refresh] done in 364ms @ http://localhost:3001/_next/static/chunks/node_modules_next_dist_115brz8._.js:2431
[  289783ms] [LOG] [Fast Refresh] rebuilding @ http://localhost:3001/_next/static/chunks/node_modules_next_dist_115brz8._.js:2431
[  289848ms] [LOG] [Fast Refresh] done in 166ms @ http://localhost:3001/_next/static/chunks/node_modules_next_dist_115brz8._.js:2431
[  292831ms] [LOG] [Fast Refresh] rebuilding @ http://localhost:3001/_next/static/chunks/node_modules_next_dist_115brz8._.js:2431
[  292870ms] [LOG] [Fast Refresh] done in 152ms @ http://localhost:3001/_next/static/chunks/node_modules_next_dist_115brz8._.js:2431
[  293114ms] [LOG] [Fast Refresh] rebuilding @ http://localhost:3001/_next/static/chunks/node_modules_next_dist_115brz8._.js:2431
[  293212ms] [LOG] [Fast Refresh] done in 207ms @ http://localhost:3001/_next/static/chunks/node_modules_next_dist_115brz8._.js:2431
[  309810ms] [LOG] [Fast Refresh] rebuilding @ http://localhost:3001/_next/static/chunks/node_modules_next_dist_115brz8._.js:2431
[  309816ms] [LOG] [Fast Refresh] done in 111ms @ http://localhost:3001/_next/static/chunks/node_modules_next_dist_115brz8._.js:2431
[  327275ms] [LOG] [Fast Refresh] rebuilding @ http://localhost:3001/_next/static/chunks/node_modules_next_dist_115brz8._.js:2431
[  327338ms] [LOG] [Fast Refresh] done in 164ms @ http://localhost:3001/_next/static/chunks/node_modules_next_dist_115brz8._.js:2431
[  561386ms] [LOG] [Fast Refresh] rebuilding @ http://localhost:3001/_next/static/chunks/node_modules_next_dist_115brz8._.js:2431
[  561449ms] [LOG] [Fast Refresh] done in 178ms @ http://localhost:3001/_next/static/chunks/node_modules_next_dist_115brz8._.js:2431
[ 1488474ms] [LOG] [Fast Refresh] rebuilding @ http://localhost:3001/_next/static/chunks/node_modules_next_dist_115brz8._.js:2431
[ 1489348ms] [LOG] [Fast Refresh] done in 987ms @ http://localhost:3001/_next/static/chunks/node_modules_next_dist_115brz8._.js:2431
[ 1493918ms] [ERROR] In HTML, %s cannot be a descendant of <%s>.
This will cause a hydration error.%s <button> button 

  ...
    <HTTPAccessFallbackBoundary notFound={undefined} forbidden={undefined} unauthorized={undefined}>
      <RedirectBoundary>
        <RedirectErrorBoundary router={{...}}>
          <InnerLayoutRouter url="/cards/ca0..." tree={[...]} params={{id:"ca0000..."}} cacheNode={{rsc:<Fragment>, ...}} ...>
            <SegmentViewNode type="page" pagePath="(main)/car...">
              <SegmentTrieNode>
              <CardDetailPage>
                <CardDetailClient detail={{cardId:"ca...", ...}}>
                  <DetailHeader>
                  <div className="flex flex-...">
                    <div>
                    <CardFlipper>
                    <HealthScoreSection>
                    <PriceCompareSection>
                    <DishList dishes={[...]}>
                      <section className="border-lin...">
                        <h3>
                        <div className="flex flex-...">
                          <div>
                            <div>
                            <div className="divide-mut...">
                              <IngredientRow>
                              <IngredientRow ingredient={{...}}>
>                               <button
>                                 type="button"
>                                 className="hover:bg-muted/50 active:bg-muted flex w-full items-center gap-3 rounded-..."
>                                 onClick={function onClick}
>                               >
                                  <div>
                                  <div className="min-w-0 fl...">
                                    <div>
                                    <p>
                                    <div className="mt-1 flex ...">
                                      <Chip size="sm" variant="outline" className="px-1.5 py-...">
>                                       <button
>                                         type="button"
>                                         onClick={undefined}
>                                         className="rounded-pill inline-flex items-center font-medium transition-colo..."
>                                       >
                                      ...
                                  ...
                                ...
                              ...
                    ...
                  ...
            ...
          ...
 @ http://localhost:3001/_next/static/chunks/node_modules_next_dist_115brz8._.js:3272
[ 1493918ms] [ERROR] <%s> cannot contain a nested %s.
See this log for the ancestor stack trace. button <button> @ http://localhost:3001/_next/static/chunks/node_modules_next_dist_115brz8._.js:3272
[ 1555453ms] [LOG] [Fast Refresh] rebuilding @ http://localhost:3001/_next/static/chunks/node_modules_next_dist_115brz8._.js:2431
[ 1556599ms] [LOG] [Fast Refresh] done in 1248ms @ http://localhost:3001/_next/static/chunks/node_modules_next_dist_115brz8._.js:2431
[ 1556669ms] [LOG] [Fast Refresh] rebuilding @ http://localhost:3001/_next/static/chunks/node_modules_next_dist_115brz8._.js:2431
[ 1556680ms] [LOG] [Fast Refresh] done in 2ms @ http://localhost:3001/_next/static/chunks/node_modules_next_dist_115brz8._.js:2431
[ 1556806ms] [LOG] [Fast Refresh] rebuilding @ http://localhost:3001/_next/static/chunks/node_modules_next_dist_115brz8._.js:2431
[ 1557221ms] [LOG] [Fast Refresh] done in 521ms @ http://localhost:3001/_next/static/chunks/node_modules_next_dist_115brz8._.js:2431
[ 1557530ms] [LOG] [Fast Refresh] rebuilding @ http://localhost:3001/_next/static/chunks/node_modules_next_dist_115brz8._.js:2431
[ 1557539ms] [LOG] [Fast Refresh] done in 112ms @ http://localhost:3001/_next/static/chunks/node_modules_next_dist_115brz8._.js:2431
[ 1557641ms] [LOG] [Fast Refresh] rebuilding @ http://localhost:3001/_next/static/chunks/node_modules_next_dist_115brz8._.js:2431
[ 1557694ms] [LOG] [Fast Refresh] done in 155ms @ http://localhost:3001/_next/static/chunks/node_modules_next_dist_115brz8._.js:2431
[ 1557828ms] [LOG] [Fast Refresh] rebuilding @ http://localhost:3001/_next/static/chunks/node_modules_next_dist_115brz8._.js:2431
[ 1557846ms] [LOG] [Fast Refresh] done in 121ms @ http://localhost:3001/_next/static/chunks/node_modules_next_dist_115brz8._.js:2431
[ 1708682ms] [LOG] [Fast Refresh] rebuilding @ http://localhost:3001/_next/static/chunks/node_modules_next_dist_115brz8._.js:2431
[ 1708731ms] [LOG] [Fast Refresh] done in 152ms @ http://localhost:3001/_next/static/chunks/node_modules_next_dist_115brz8._.js:2431
[ 1708840ms] [INFO] %cDownload the React DevTools for a better development experience: https://react.dev/link/react-devtools font-weight:bold @ http://localhost:3001/_next/static/chunks/node_modules_next_dist_115brz8._.js:2431
[ 1708884ms] [LOG] [HMR] connected @ http://localhost:3001/_next/static/chunks/node_modules_next_dist_115brz8._.js:2431
[ 1710623ms] [ERROR] In HTML, %s cannot be a descendant of <%s>.
This will cause a hydration error.%s <button> button 

  ...
    <HTTPAccessFallbackBoundary notFound={undefined} forbidden={undefined} unauthorized={undefined}>
      <RedirectBoundary>
        <RedirectErrorBoundary router={{...}}>
          <InnerLayoutRouter url="/cards/ca0..." tree={[...]} params={{id:"ca0000..."}} cacheNode={{rsc:{...}, ...}} ...>
            <SegmentViewNode type="page" pagePath="(main)/car...">
              <SegmentTrieNode>
              <CardDetailPage>
                <CardDetailClient detail={{cardId:"ca...", ...}}>
                  <DetailHeader>
                  <div className="flex flex-...">
                    <div>
                    <CardFlipper>
                    <HealthScoreSection>
                    <PriceCompareSection>
                    <DishList dishes={[...]}>
                      <section className="border-lin...">
                        <h3>
                        <div className="flex flex-...">
                          <div>
                            <div>
                            <div className="divide-mut...">
                              <IngredientRow ingredient={{...}}>
>                               <button
>                                 type="button"
>                                 className="hover:bg-muted/50 active:bg-muted flex w-full items-center gap-3 rounded-..."
>                                 onClick={function onClick}
>                               >
                                  <div>
                                  <div className="min-w-0 fl...">
                                    <div>
                                    <p>
                                    <div className="mt-1 flex ...">
                                      <Chip size="sm" variant="outline" className="px-1.5 py-...">
>                                       <button
>                                         type="button"
>                                         onClick={undefined}
>                                         className="rounded-pill inline-flex items-center font-medium transition-colo..."
>                                       >
                                      ...
                                  ...
                                ...
                              ...
                    ...
                  ...
            ...
          ...
 @ http://localhost:3001/_next/static/chunks/node_modules_next_dist_115brz8._.js:3272
[ 1710624ms] [ERROR] <%s> cannot contain a nested %s.
See this log for the ancestor stack trace. button <button> @ http://localhost:3001/_next/static/chunks/node_modules_next_dist_115brz8._.js:3272
[ 1710718ms] Error: Hydration failed because the server rendered HTML didn't match the client. As a result this tree will be regenerated on the client. This can happen if a SSR-ed Client Component used:

- A server/client branch `if (typeof window !== 'undefined')`.
- Variable input such as `Date.now()` or `Math.random()` which changes each time it's called.
- Date formatting in a user's locale which doesn't match the server.
- External changing data without sending a snapshot of it along with the HTML.
- Invalid HTML tag nesting.

It can also happen if the client has a browser extension installed which messes with the HTML before React loaded.

https://react.dev/link/hydration-mismatch
    at throwOnHydrationMismatch (http://localhost:3001/_next/static/chunks/node_modules_next_dist_compiled_react-dom_058-ah~._.js:3318:56)
    at beginWork (http://localhost:3001/_next/static/chunks/node_modules_next_dist_compiled_react-dom_058-ah~._.js:6758:918)
    at runWithFiberInDEV (http://localhost:3001/_next/static/chunks/node_modules_next_dist_compiled_react-dom_058-ah~._.js:965:74)
    at performUnitOfWork (http://localhost:3001/_next/static/chunks/node_modules_next_dist_compiled_react-dom_058-ah~._.js:9555:97)
    at workLoopConcurrentByScheduler (http://localhost:3001/_next/static/chunks/node_modules_next_dist_compiled_react-dom_058-ah~._.js:9551:58)
    at renderRootConcurrent (http://localhost:3001/_next/static/chunks/node_modules_next_dist_compiled_react-dom_058-ah~._.js:9534:71)
    at performWorkOnRoot (http://localhost:3001/_next/static/chunks/node_modules_next_dist_compiled_react-dom_058-ah~._.js:9061:150)
    at performWorkOnRootViaSchedulerTask (http://localhost:3001/_next/static/chunks/node_modules_next_dist_compiled_react-dom_058-ah~._.js:10255:9)
    at MessagePort.performWorkUntilDeadline (http://localhost:3001/_next/static/chunks/node_modules_next_dist_compiled_0rpq4pf._.js:2647:64)
[ 1710755ms] [LOG] [Fast Refresh] rebuilding @ http://localhost:3001/_next/static/chunks/node_modules_next_dist_115brz8._.js:2431
[ 1710758ms] [LOG] [Fast Refresh] done in 105ms @ http://localhost:3001/_next/static/chunks/node_modules_next_dist_115brz8._.js:2431
[ 1777242ms] [INFO] %cDownload the React DevTools for a better development experience: https://react.dev/link/react-devtools font-weight:bold @ http://localhost:3001/_next/static/chunks/node_modules_next_dist_115brz8._.js:2431
[ 1777323ms] [LOG] [HMR] connected @ http://localhost:3001/_next/static/chunks/node_modules_next_dist_115brz8._.js:2431
[ 1777803ms] Error: Hydration failed because the server rendered HTML didn't match the client. As a result this tree will be regenerated on the client. This can happen if a SSR-ed Client Component used:

- A server/client branch `if (typeof window !== 'undefined')`.
- Variable input such as `Date.now()` or `Math.random()` which changes each time it's called.
- Date formatting in a user's locale which doesn't match the server.
- External changing data without sending a snapshot of it along with the HTML.
- Invalid HTML tag nesting.

It can also happen if the client has a browser extension installed which messes with the HTML before React loaded.

https://react.dev/link/hydration-mismatch

  ...
    <Suspense name="(main)/" fallback={<Fragment>}>
      <HTTPAccessFallbackBoundary notFound={{...}} forbidden={undefined} unauthorized={undefined}>
        <HTTPAccessFallbackErrorBoundary pathname="/" notFound={{...}} forbidden={undefined} unauthorized={undefined} ...>
          <RedirectBoundary>
            <RedirectErrorBoundary router={{...}}>
              <InnerLayoutRouter url="/" tree={[...]} params={{}} cacheNode={{rsc:{...}, ...}} segmentPath={[...]} ...>
                <SegmentViewNode type="page" pagePath="(main)/pag...">
                  <SegmentTrieNode>
                  <HomePage>
                    <header>
                    <main className="flex flex-...">
                      <div>
                      <AIRecommendSection initialCards={[...]}>
                        <section className="flex flex-..." data-testid="ai-recomme...">
                          <div>
                          <div className="scrollbar-..." data-testid="recommend-...">
+                           <button
+                             onClick={function onClick}
+                             data-testid="recommend-tab-0"
+                             className="rounded-pill flex-shrink-0 px-3 py-1.5 text-[12px] font-semibold transition b..."
+                           >
-                           <div className="bg-mocha-100 h-8 w-24 flex-shrink-0 animate-pulse rounded-full">
                            ...
                          ...
                      ...
                ...
              ...

    at throwOnHydrationMismatch (http://localhost:3001/_next/static/chunks/node_modules_next_dist_compiled_react-dom_058-ah~._.js:3318:56)
    at beginWork (http://localhost:3001/_next/static/chunks/node_modules_next_dist_compiled_react-dom_058-ah~._.js:6758:918)
    at runWithFiberInDEV (http://localhost:3001/_next/static/chunks/node_modules_next_dist_compiled_react-dom_058-ah~._.js:965:74)
    at performUnitOfWork (http://localhost:3001/_next/static/chunks/node_modules_next_dist_compiled_react-dom_058-ah~._.js:9555:97)
    at workLoopConcurrentByScheduler (http://localhost:3001/_next/static/chunks/node_modules_next_dist_compiled_react-dom_058-ah~._.js:9551:58)
    at renderRootConcurrent (http://localhost:3001/_next/static/chunks/node_modules_next_dist_compiled_react-dom_058-ah~._.js:9534:71)
    at performWorkOnRoot (http://localhost:3001/_next/static/chunks/node_modules_next_dist_compiled_react-dom_058-ah~._.js:9061:150)
    at performWorkOnRootViaSchedulerTask (http://localhost:3001/_next/static/chunks/node_modules_next_dist_compiled_react-dom_058-ah~._.js:10255:9)
    at MessagePort.performWorkUntilDeadline (http://localhost:3001/_next/static/chunks/node_modules_next_dist_compiled_0rpq4pf._.js:2647:64)
[ 1784210ms] [ERROR] In HTML, %s cannot be a descendant of <%s>.
This will cause a hydration error.%s <button> button 

  ...
    <HTTPAccessFallbackBoundary notFound={undefined} forbidden={undefined} unauthorized={undefined}>
      <RedirectBoundary>
        <RedirectErrorBoundary router={{...}}>
          <InnerLayoutRouter url="/cards/ca0..." tree={[...]} params={{id:"ca0000..."}} cacheNode={{rsc:<Fragment>, ...}} ...>
            <SegmentViewNode type="page" pagePath="(main)/car...">
              <SegmentTrieNode>
              <CardDetailPage>
                <CardDetailClient detail={{cardId:"ca...", ...}}>
                  <DetailHeader>
                  <div className="flex flex-...">
                    <div>
                    <CardFlipper>
                    <HealthScoreSection>
                    <PriceCompareSection>
                    <DishList dishes={[...]}>
                      <section className="border-lin...">
                        <h3>
                        <div className="flex flex-...">
                          <div>
                            <div>
                            <div className="divide-mut...">
                              <IngredientRow ingredient={{...}}>
>                               <button
>                                 type="button"
>                                 className="hover:bg-muted/50 active:bg-muted flex w-full items-center gap-3 rounded-..."
>                                 onClick={function onClick}
>                               >
                                  <div>
                                  <div className="min-w-0 fl...">
                                    <div>
                                    <p>
                                    <div className="mt-1 flex ...">
                                      <Chip size="sm" variant="outline" className="px-1.5 py-...">
>                                       <button
>                                         type="button"
>                                         onClick={undefined}
>                                         className="rounded-pill inline-flex items-center font-medium transition-colo..."
>                                       >
                                      ...
                                  ...
                                ...
                              ...
                    ...
                  ...
            ...
          ...
 @ http://localhost:3001/_next/static/chunks/node_modules_next_dist_115brz8._.js:3272
[ 1784211ms] [ERROR] <%s> cannot contain a nested %s.
See this log for the ancestor stack trace. button <button> @ http://localhost:3001/_next/static/chunks/node_modules_next_dist_115brz8._.js:3272
[ 2593509ms] [INFO] %cDownload the React DevTools for a better development experience: https://react.dev/link/react-devtools font-weight:bold @ http://localhost:3001/_next/static/chunks/node_modules_next_dist_115brz8._.js:2431
[ 2593537ms] [LOG] [HMR] connected @ http://localhost:3001/_next/static/chunks/node_modules_next_dist_115brz8._.js:2431
[ 2593898ms] [ERROR] In HTML, %s cannot be a descendant of <%s>.
This will cause a hydration error.%s <button> button 

  ...
    <HTTPAccessFallbackBoundary notFound={undefined} forbidden={undefined} unauthorized={undefined}>
      <RedirectBoundary>
        <RedirectErrorBoundary router={{...}}>
          <InnerLayoutRouter url="/cards/ca0..." tree={[...]} params={{id:"ca0000..."}} cacheNode={{rsc:{...}, ...}} ...>
            <SegmentViewNode type="page" pagePath="(main)/car...">
              <SegmentTrieNode>
              <CardDetailPage>
                <CardDetailClient detail={{cardId:"ca...", ...}}>
                  <DetailHeader>
                  <div className="flex flex-...">
                    <div>
                    <CardFlipper>
                    <HealthScoreSection>
                    <PriceCompareSection>
                    <DishList dishes={[...]}>
                      <section className="border-lin...">
                        <h3>
                        <div className="flex flex-...">
                          <div>
                            <div>
                            <div className="divide-mut...">
                              <IngredientRow ingredient={{...}}>
>                               <button
>                                 type="button"
>                                 className="hover:bg-muted/50 active:bg-muted flex w-full items-center gap-3 rounded-..."
>                                 onClick={function onClick}
>                               >
                                  <div>
                                  <div className="min-w-0 fl...">
                                    <div>
                                    <p>
                                    <div className="mt-1 flex ...">
                                      <Chip size="sm" variant="outline" className="px-1.5 py-...">
>                                       <button
>                                         type="button"
>                                         onClick={undefined}
>                                         className="rounded-pill inline-flex items-center font-medium transition-colo..."
>                                       >
                                      ...
                                  ...
                                ...
                              ...
                    ...
                  ...
            ...
          ...
 @ http://localhost:3001/_next/static/chunks/node_modules_next_dist_115brz8._.js:3272
[ 2593899ms] [ERROR] <%s> cannot contain a nested %s.
See this log for the ancestor stack trace. button <button> @ http://localhost:3001/_next/static/chunks/node_modules_next_dist_115brz8._.js:3272
[ 2593944ms] Error: Hydration failed because the server rendered HTML didn't match the client. As a result this tree will be regenerated on the client. This can happen if a SSR-ed Client Component used:

- A server/client branch `if (typeof window !== 'undefined')`.
- Variable input such as `Date.now()` or `Math.random()` which changes each time it's called.
- Date formatting in a user's locale which doesn't match the server.
- External changing data without sending a snapshot of it along with the HTML.
- Invalid HTML tag nesting.

It can also happen if the client has a browser extension installed which messes with the HTML before React loaded.

https://react.dev/link/hydration-mismatch
    at throwOnHydrationMismatch (http://localhost:3001/_next/static/chunks/node_modules_next_dist_compiled_react-dom_058-ah~._.js:3318:56)
    at beginWork (http://localhost:3001/_next/static/chunks/node_modules_next_dist_compiled_react-dom_058-ah~._.js:6758:918)
    at runWithFiberInDEV (http://localhost:3001/_next/static/chunks/node_modules_next_dist_compiled_react-dom_058-ah~._.js:965:74)
    at performUnitOfWork (http://localhost:3001/_next/static/chunks/node_modules_next_dist_compiled_react-dom_058-ah~._.js:9555:97)
    at workLoopConcurrentByScheduler (http://localhost:3001/_next/static/chunks/node_modules_next_dist_compiled_react-dom_058-ah~._.js:9551:58)
    at renderRootConcurrent (http://localhost:3001/_next/static/chunks/node_modules_next_dist_compiled_react-dom_058-ah~._.js:9534:71)
    at performWorkOnRoot (http://localhost:3001/_next/static/chunks/node_modules_next_dist_compiled_react-dom_058-ah~._.js:9061:150)
    at performWorkOnRootViaSchedulerTask (http://localhost:3001/_next/static/chunks/node_modules_next_dist_compiled_react-dom_058-ah~._.js:10255:9)
    at MessagePort.performWorkUntilDeadline (http://localhost:3001/_next/static/chunks/node_modules_next_dist_compiled_0rpq4pf._.js:2647:64)
[ 2698700ms] [LOG] [Fast Refresh] rebuilding @ http://localhost:3001/_next/static/chunks/node_modules_next_dist_115brz8._.js:2431
[ 2700466ms] [LOG] [Fast Refresh] done in 227ms @ http://localhost:3001/_next/static/chunks/node_modules_next_dist_115brz8._.js:2431
[ 2700863ms] [LOG] [Fast Refresh] rebuilding @ http://localhost:3001/_next/static/chunks/node_modules_next_dist_115brz8._.js:2431
[ 2700997ms] [LOG] [Fast Refresh] done in 243ms @ http://localhost:3001/_next/static/chunks/node_modules_next_dist_115brz8._.js:2431
[ 2737504ms] [LOG] [Fast Refresh] rebuilding @ http://localhost:3001/_next/static/chunks/node_modules_next_dist_115brz8._.js:2431
[ 2738506ms] [LOG] [Fast Refresh] done in 1104ms @ http://localhost:3001/_next/static/chunks/node_modules_next_dist_115brz8._.js:2431
[ 2942279ms] [LOG] [Fast Refresh] rebuilding @ http://localhost:3001/_next/static/chunks/node_modules_next_dist_115brz8._.js:2431
[ 2945005ms] [LOG] [Fast Refresh] done in 2830ms @ http://localhost:3001/_next/static/chunks/node_modules_next_dist_115brz8._.js:2431
[ 2945058ms] [INFO] %cDownload the React DevTools for a better development experience: https://react.dev/link/react-devtools font-weight:bold @ http://localhost:3001/_next/static/chunks/node_modules_next_dist_115brz8._.js:2431
[ 2945081ms] [LOG] [HMR] connected @ http://localhost:3001/_next/static/chunks/node_modules_next_dist_115brz8._.js:2431
[ 2948374ms] [WARNING] Warning: Missing `Description` or `aria-describedby={undefined}` for {DialogContent}. @ http://localhost:3001/_next/static/chunks/node_modules_next_dist_115brz8._.js:2431
[ 2948376ms] [WARNING] Warning: Missing `Description` or `aria-describedby={undefined}` for {DialogContent}. @ http://localhost:3001/_next/static/chunks/node_modules_next_dist_115brz8._.js:2431
[ 2948415ms] [WARNING] Blocked aria-hidden on an element because its descendant retained focus. The focus must not be hidden from assistive technology users. Avoid using aria-hidden on a focused element or its ancestor. Consider using the inert attribute instead, which will also prevent focus. For more details, see the aria-hidden section of the WAI-ARIA specification at https://w3c.github.io/aria/#aria-hidden.
Element with focus: <button.hover:bg-muted/50 active:bg-muted flex w-full items-center gap-3 rounded-lg px-1 py-2 text-left>
Ancestor with aria-hidden: <div.bg-paper flex min-h-screen flex-col> @ http://localhost:3001/cards/ca000002-0002-4000-8000-000000000002:0
